19:53:22.974 [main] INFO  testCases.TC001_AccountRegistrationTest - Clicked on MyAccount Link.. 
19:53:24.284 [main] INFO  testCases.TC001_AccountRegistrationTest - Clicked on MyAccount Link.. 
19:53:24.287 [main] INFO  testCases.TC001_AccountRegistrationTest - Providing customer details.. 
19:53:26.179 [main] INFO  testCases.TC001_AccountRegistrationTest - validating expected message.. 
19:53:26.292 [main] INFO  testCases.TC001_AccountRegistrationTest - ***** Finished TC001_AccountRegistrationTest *****  
19:55:16.716 [main] DEBUG org.testng.TestNG - suiteXmlPath: "F:\Test\Ecp_WrkSpc for Hybridfrmwrk\Hybrid\master.xml"
19:55:17.087 [main] INFO  org.testng.internal.Utils - [TestNG] Running:
  F:\Test\Ecp_WrkSpc for Hybridfrmwrk\Hybrid\master.xml

19:55:17.172 [main] INFO  testCases.TC001_AccountRegistrationTest - ***** Starting TC001_AccountRegistrationTest *****
19:56:38.803 [main] DEBUG org.testng.TestNG - suiteXmlPath: "F:\Test\Ecp_WrkSpc for Hybridfrmwrk\Hybrid\master.xml"
19:56:39.099 [main] INFO  org.testng.internal.Utils - [TestNG] Running:
  F:\Test\Ecp_WrkSpc for Hybridfrmwrk\Hybrid\master.xml

19:56:50.909 [main] INFO  testCases.TC001_AccountRegistrationTest - ***** Starting TC001_AccountRegistrationTest *****
19:56:51.270 [main] INFO  testCases.TC001_AccountRegistrationTest - Clicked on MyAccount Link.. 
19:56:52.167 [main] INFO  testCases.TC001_AccountRegistrationTest - Clicked on MyAccount Link.. 
19:56:52.168 [main] INFO  testCases.TC001_AccountRegistrationTest - Providing customer details.. 
19:56:54.869 [main] INFO  testCases.TC001_AccountRegistrationTest - validating expected message.. 
19:56:54.908 [main] INFO  testCases.TC001_AccountRegistrationTest - ***** Finished TC001_AccountRegistrationTest *****  
20:41:34.924 [main] DEBUG org.testng.TestNG - suiteXmlPath: "F:\Test\Ecp_WrkSpc for Hybridfrmwrk\Hybrid\master.xml"
20:41:35.264 [main] INFO  org.testng.internal.Utils - [TestNG] Running:
  F:\Test\Ecp_WrkSpc for Hybridfrmwrk\Hybrid\master.xml

20:41:43.377 [main] INFO  testCases.TC001_AccountRegistrationTest - ***** Starting TC001_AccountRegistrationTest *****
20:41:43.690 [main] INFO  testCases.TC001_AccountRegistrationTest - Clicked on MyAccount Link.. 
20:41:44.344 [main] INFO  testCases.TC001_AccountRegistrationTest - Clicked on MyAccount Link.. 
20:41:44.345 [main] INFO  testCases.TC001_AccountRegistrationTest - Providing customer details.. 
20:41:45.733 [main] INFO  testCases.TC001_AccountRegistrationTest - validating expected message.. 
20:41:45.767 [main] INFO  testCases.TC001_AccountRegistrationTest - ***** Finished TC001_AccountRegistrationTest *****  
20:44:39.313 [main] DEBUG org.testng.TestNG - suiteXmlPath: "F:\Test\Ecp_WrkSpc for Hybridfrmwrk\Hybrid\master.xml"
20:44:39.609 [main] INFO  org.testng.internal.Utils - [TestNG] Running:
  F:\Test\Ecp_WrkSpc for Hybridfrmwrk\Hybrid\master.xml

20:44:48.120 [main] INFO  testCases.TC001_AccountRegistrationTest - ***** Starting TC001_AccountRegistrationTest *****
20:44:48.747 [main] INFO  testCases.TC001_AccountRegistrationTest - Clicked on MyAccount Link.. 
20:44:49.725 [main] INFO  testCases.TC001_AccountRegistrationTest - Clicked on MyAccount Link.. 
20:44:49.728 [main] INFO  testCases.TC001_AccountRegistrationTest - Providing customer details.. 
20:44:51.421 [main] INFO  testCases.TC001_AccountRegistrationTest - validating expected message.. 
20:44:51.476 [main] INFO  testCases.TC001_AccountRegistrationTest - ***** Finished TC001_AccountRegistrationTest *****  
20:46:03.889 [main] DEBUG org.testng.TestNG - suiteXmlPath: "F:\Test\Ecp_WrkSpc for Hybridfrmwrk\Hybrid\master.xml"
20:46:04.247 [main] INFO  org.testng.internal.Utils - [TestNG] Running:
  F:\Test\Ecp_WrkSpc for Hybridfrmwrk\Hybrid\master.xml

20:46:11.025 [main] INFO  testCases.TC001_AccountRegistrationTest - ***** Starting TC001_AccountRegistrationTest *****
20:46:11.173 [main] INFO  testCases.TC001_AccountRegistrationTest - Clicked on MyAccount Link.. 
20:46:11.792 [main] INFO  testCases.TC001_AccountRegistrationTest - Clicked on MyAccount Link.. 
20:46:11.794 [main] INFO  testCases.TC001_AccountRegistrationTest - Providing customer details.. 
20:46:13.249 [main] INFO  testCases.TC001_AccountRegistrationTest - validating expected message.. 
20:46:13.297 [main] INFO  testCases.TC001_AccountRegistrationTest - ***** Finished TC001_AccountRegistrationTest *****  
20:46:41.576 [main] DEBUG org.testng.TestNG - suiteXmlPath: "F:\Test\Ecp_WrkSpc for Hybridfrmwrk\Hybrid\master.xml"
20:46:41.865 [main] INFO  org.testng.internal.Utils - [TestNG] Running:
  F:\Test\Ecp_WrkSpc for Hybridfrmwrk\Hybrid\master.xml

20:46:52.447 [main] INFO  testCases.TC001_AccountRegistrationTest - ***** Starting TC001_AccountRegistrationTest *****
20:46:52.634 [main] INFO  testCases.TC001_AccountRegistrationTest - Clicked on MyAccount Link.. 
20:46:53.511 [main] INFO  testCases.TC001_AccountRegistrationTest - Clicked on MyAccount Link.. 
20:46:53.513 [main] INFO  testCases.TC001_AccountRegistrationTest - Providing customer details.. 
